{"C:\\Users\\saman\\Documents\\Node\\vidly-demo\\index.js": {"path":"C:\\Users\\saman\\Documents\\Node\\vidly-demo\\index.js","statementMap":{"0":{"start":{"line":1,"column":16},"end":{"line":1,"column":34}},"1":{"start":{"line":2,"column":12},"end":{"line":2,"column":21}},"2":{"start":{"line":3,"column":16},"end":{"line":3,"column":34}},"3":{"start":{"line":5,"column":0},"end":{"line":5,"column":31}},"4":{"start":{"line":6,"column":0},"end":{"line":6,"column":33}},"5":{"start":{"line":7,"column":0},"end":{"line":7,"column":26}},"6":{"start":{"line":8,"column":0},"end":{"line":8,"column":30}},"7":{"start":{"line":9,"column":0},"end":{"line":9,"column":34}},"8":{"start":{"line":11,"column":13},"end":{"line":11,"column":37}},"9":{"start":{"line":12,"column":15},"end":{"line":12,"column":82}},"10":{"start":{"line":12,"column":38},"end":{"line":12,"column":81}},"11":{"start":{"line":13,"column":0},"end":{"line":13,"column":24}}},"fnMap":{"0":{"name":"(anonymous_0)","decl":{"start":{"line":12,"column":32},"end":{"line":12,"column":33}},"loc":{"start":{"line":12,"column":38},"end":{"line":12,"column":81}},"line":12}},"branchMap":{"0":{"loc":{"start":{"line":11,"column":13},"end":{"line":11,"column":37}},"type":"binary-expr","locations":[{"start":{"line":11,"column":13},"end":{"line":11,"column":29}},{"start":{"line":11,"column":33},"end":{"line":11,"column":37}}],"line":11}},"s":{"0":3,"1":3,"2":3,"3":3,"4":3,"5":3,"6":3,"7":3,"8":3,"9":3,"10":3,"11":3},"f":{"0":3},"b":{"0":[3,0]},"_coverageSchema":"332fd63041d2c1bcb487cc26dd0d5f7d97098a6c","hash":"fb509a615d756c92bc67c069b906647ab765ce6a"}
,"C:\\Users\\saman\\Documents\\Node\\vidly-demo\\middleware\\admin.js": {"path":"C:\\Users\\saman\\Documents\\Node\\vidly-demo\\middleware\\admin.js","statementMap":{"0":{"start":{"line":2,"column":0},"end":{"line":13,"column":1}},"1":{"start":{"line":9,"column":4},"end":{"line":9,"column":72}},"2":{"start":{"line":9,"column":27},"end":{"line":9,"column":72}},"3":{"start":{"line":12,"column":4},"end":{"line":12,"column":11}}},"fnMap":{"0":{"name":"(anonymous_0)","decl":{"start":{"line":2,"column":17},"end":{"line":2,"column":18}},"loc":{"start":{"line":2,"column":43},"end":{"line":13,"column":1}},"line":2}},"branchMap":{"0":{"loc":{"start":{"line":9,"column":4},"end":{"line":9,"column":72}},"type":"if","locations":[{"start":{"line":9,"column":4},"end":{"line":9,"column":72}},{"start":{"line":9,"column":4},"end":{"line":9,"column":72}}],"line":9}},"s":{"0":3,"1":0,"2":0,"3":0},"f":{"0":0},"b":{"0":[0,0]},"_coverageSchema":"332fd63041d2c1bcb487cc26dd0d5f7d97098a6c","hash":"61b779c76f6ebb12b35b24b203ed9728a25cf359"}
,"C:\\Users\\saman\\Documents\\Node\\vidly-demo\\middleware\\auth.js": {"path":"C:\\Users\\saman\\Documents\\Node\\vidly-demo\\middleware\\auth.js","statementMap":{"0":{"start":{"line":1,"column":12},"end":{"line":1,"column":35}},"1":{"start":{"line":2,"column":15},"end":{"line":2,"column":32}},"2":{"start":{"line":6,"column":18},"end":{"line":6,"column":44}},"3":{"start":{"line":7,"column":4},"end":{"line":7,"column":80}},"4":{"start":{"line":7,"column":16},"end":{"line":7,"column":80}},"5":{"start":{"line":9,"column":4},"end":{"line":16,"column":5}},"6":{"start":{"line":11,"column":24},"end":{"line":11,"column":70}},"7":{"start":{"line":12,"column":8},"end":{"line":12,"column":27}},"8":{"start":{"line":13,"column":8},"end":{"line":13,"column":15}},"9":{"start":{"line":15,"column":8},"end":{"line":15,"column":46}},"10":{"start":{"line":19,"column":0},"end":{"line":19,"column":22}}},"fnMap":{"0":{"name":"auth","decl":{"start":{"line":4,"column":9},"end":{"line":4,"column":13}},"loc":{"start":{"line":4,"column":30},"end":{"line":17,"column":1}},"line":4}},"branchMap":{"0":{"loc":{"start":{"line":7,"column":4},"end":{"line":7,"column":80}},"type":"if","locations":[{"start":{"line":7,"column":4},"end":{"line":7,"column":80}},{"start":{"line":7,"column":4},"end":{"line":7,"column":80}}],"line":7}},"s":{"0":4,"1":4,"2":15,"3":15,"4":3,"5":12,"6":12,"7":11,"8":11,"9":1,"10":4},"f":{"0":15},"b":{"0":[3,12]},"_coverageSchema":"332fd63041d2c1bcb487cc26dd0d5f7d97098a6c","hash":"8030bdf27123d92ac46ec88eee8caa3c277dc444"}
,"C:\\Users\\saman\\Documents\\Node\\vidly-demo\\middleware\\error.js": {"path":"C:\\Users\\saman\\Documents\\Node\\vidly-demo\\middleware\\error.js","statementMap":{"0":{"start":{"line":1,"column":16},"end":{"line":1,"column":34}},"1":{"start":{"line":2,"column":0},"end":{"line":11,"column":1}},"2":{"start":{"line":3,"column":4},"end":{"line":3,"column":36}},"3":{"start":{"line":10,"column":4},"end":{"line":10,"column":45}}},"fnMap":{"0":{"name":"(anonymous_0)","decl":{"start":{"line":2,"column":17},"end":{"line":2,"column":18}},"loc":{"start":{"line":2,"column":48},"end":{"line":11,"column":1}},"line":2}},"branchMap":{},"s":{"0":3,"1":3,"2":0,"3":0},"f":{"0":0},"b":{},"_coverageSchema":"332fd63041d2c1bcb487cc26dd0d5f7d97098a6c","hash":"c3a872a390bcbef8c6b1288ecdc8811d696f55a4"}
,"C:\\Users\\saman\\Documents\\Node\\vidly-demo\\middleware\\validateObjectId.js": {"path":"C:\\Users\\saman\\Documents\\Node\\vidly-demo\\middleware\\validateObjectId.js","statementMap":{"0":{"start":{"line":1,"column":17},"end":{"line":1,"column":36}},"1":{"start":{"line":2,"column":0},"end":{"line":7,"column":1}},"2":{"start":{"line":3,"column":4},"end":{"line":4,"column":50}},"3":{"start":{"line":4,"column":8},"end":{"line":4,"column":50}},"4":{"start":{"line":6,"column":4},"end":{"line":6,"column":11}}},"fnMap":{"0":{"name":"(anonymous_0)","decl":{"start":{"line":2,"column":17},"end":{"line":2,"column":18}},"loc":{"start":{"line":2,"column":43},"end":{"line":7,"column":1}},"line":2}},"branchMap":{"0":{"loc":{"start":{"line":3,"column":4},"end":{"line":4,"column":50}},"type":"if","locations":[{"start":{"line":3,"column":4},"end":{"line":4,"column":50}},{"start":{"line":3,"column":4},"end":{"line":4,"column":50}}],"line":3}},"s":{"0":3,"1":3,"2":2,"3":1,"4":1},"f":{"0":2},"b":{"0":[1,1]},"_coverageSchema":"332fd63041d2c1bcb487cc26dd0d5f7d97098a6c","hash":"5b9ee759ad5a238d7846b819c089aaaa74bd0b1a"}
,"C:\\Users\\saman\\Documents\\Node\\vidly-demo\\models\\customer.js": {"path":"C:\\Users\\saman\\Documents\\Node\\vidly-demo\\models\\customer.js","statementMap":{"0":{"start":{"line":1,"column":17},"end":{"line":1,"column":36}},"1":{"start":{"line":2,"column":12},"end":{"line":2,"column":26}},"2":{"start":{"line":4,"column":17},"end":{"line":21,"column":3}},"3":{"start":{"line":25,"column":22},"end":{"line":29,"column":6}},"4":{"start":{"line":30,"column":4},"end":{"line":30,"column":40}},"5":{"start":{"line":34,"column":0},"end":{"line":34,"column":28}},"6":{"start":{"line":35,"column":0},"end":{"line":35,"column":36}}},"fnMap":{"0":{"name":"validateCustomer","decl":{"start":{"line":24,"column":9},"end":{"line":24,"column":25}},"loc":{"start":{"line":24,"column":36},"end":{"line":32,"column":1}},"line":24}},"branchMap":{},"s":{"0":3,"1":3,"2":3,"3":0,"4":0,"5":3,"6":3},"f":{"0":0},"b":{},"_coverageSchema":"332fd63041d2c1bcb487cc26dd0d5f7d97098a6c","hash":"ec02bdd79b1ba18a8d96f54ae241c50d72a17b66"}
,"C:\\Users\\saman\\Documents\\Node\\vidly-demo\\models\\genre.js": {"path":"C:\\Users\\saman\\Documents\\Node\\vidly-demo\\models\\genre.js","statementMap":{"0":{"start":{"line":1,"column":17},"end":{"line":1,"column":36}},"1":{"start":{"line":2,"column":12},"end":{"line":2,"column":26}},"2":{"start":{"line":5,"column":20},"end":{"line":12,"column":2}},"3":{"start":{"line":14,"column":14},"end":{"line":14,"column":50}},"4":{"start":{"line":19,"column":22},"end":{"line":21,"column":6}},"5":{"start":{"line":22,"column":4},"end":{"line":22,"column":37}},"6":{"start":{"line":25,"column":0},"end":{"line":25,"column":34}},"7":{"start":{"line":26,"column":0},"end":{"line":26,"column":22}},"8":{"start":{"line":27,"column":0},"end":{"line":27,"column":33}}},"fnMap":{"0":{"name":"validateGenre","decl":{"start":{"line":18,"column":9},"end":{"line":18,"column":22}},"loc":{"start":{"line":18,"column":30},"end":{"line":24,"column":1}},"line":18}},"branchMap":{},"s":{"0":3,"1":3,"2":3,"3":3,"4":5,"5":5,"6":3,"7":3,"8":3},"f":{"0":5},"b":{},"_coverageSchema":"332fd63041d2c1bcb487cc26dd0d5f7d97098a6c","hash":"eb1599ae4b9db84a95b3671063a7d5b349aafccf"}
,"C:\\Users\\saman\\Documents\\Node\\vidly-demo\\models\\movie.js": {"path":"C:\\Users\\saman\\Documents\\Node\\vidly-demo\\models\\movie.js","statementMap":{"0":{"start":{"line":1,"column":12},"end":{"line":1,"column":26}},"1":{"start":{"line":2,"column":17},"end":{"line":2,"column":36}},"2":{"start":{"line":3,"column":24},"end":{"line":3,"column":42}},"3":{"start":{"line":5,"column":14},"end":{"line":29,"column":3}},"4":{"start":{"line":33,"column":22},"end":{"line":38,"column":6}},"5":{"start":{"line":40,"column":4},"end":{"line":40,"column":37}},"6":{"start":{"line":44,"column":0},"end":{"line":44,"column":22}},"7":{"start":{"line":45,"column":0},"end":{"line":45,"column":33}}},"fnMap":{"0":{"name":"validateMovie","decl":{"start":{"line":31,"column":9},"end":{"line":31,"column":22}},"loc":{"start":{"line":31,"column":30},"end":{"line":41,"column":1}},"line":31}},"branchMap":{},"s":{"0":3,"1":3,"2":3,"3":3,"4":0,"5":0,"6":3,"7":3},"f":{"0":0},"b":{},"_coverageSchema":"332fd63041d2c1bcb487cc26dd0d5f7d97098a6c","hash":"2c2499b33d0806192338f187678f40d9ddb9c05a"}
,"C:\\Users\\saman\\Documents\\Node\\vidly-demo\\models\\rental.js": {"path":"C:\\Users\\saman\\Documents\\Node\\vidly-demo\\models\\rental.js","statementMap":{"0":{"start":{"line":1,"column":12},"end":{"line":1,"column":26}},"1":{"start":{"line":2,"column":17},"end":{"line":2,"column":36}},"2":{"start":{"line":5,"column":15},"end":{"line":57,"column":3}},"3":{"start":{"line":60,"column":22},"end":{"line":64,"column":6}},"4":{"start":{"line":66,"column":4},"end":{"line":66,"column":38}},"5":{"start":{"line":69,"column":0},"end":{"line":69,"column":24}},"6":{"start":{"line":70,"column":0},"end":{"line":70,"column":34}}},"fnMap":{"0":{"name":"validateRental","decl":{"start":{"line":59,"column":9},"end":{"line":59,"column":23}},"loc":{"start":{"line":59,"column":32},"end":{"line":67,"column":1}},"line":59}},"branchMap":{},"s":{"0":3,"1":3,"2":3,"3":0,"4":0,"5":3,"6":3},"f":{"0":0},"b":{},"_coverageSchema":"332fd63041d2c1bcb487cc26dd0d5f7d97098a6c","hash":"3251a1eb9aaee41d0645849db0a570e1630dbcb8"}
,"C:\\Users\\saman\\Documents\\Node\\vidly-demo\\models\\user.js": {"path":"C:\\Users\\saman\\Documents\\Node\\vidly-demo\\models\\user.js","statementMap":{"0":{"start":{"line":1,"column":17},"end":{"line":1,"column":36}},"1":{"start":{"line":2,"column":12},"end":{"line":2,"column":26}},"2":{"start":{"line":3,"column":15},"end":{"line":3,"column":32}},"3":{"start":{"line":4,"column":12},"end":{"line":4,"column":35}},"4":{"start":{"line":7,"column":19},"end":{"line":28,"column":2}},"5":{"start":{"line":34,"column":0},"end":{"line":39,"column":1}},"6":{"start":{"line":35,"column":18},"end":{"line":35,"column":97}},"7":{"start":{"line":38,"column":4},"end":{"line":38,"column":17}},"8":{"start":{"line":41,"column":13},"end":{"line":41,"column":47}},"9":{"start":{"line":46,"column":22},"end":{"line":50,"column":6}},"10":{"start":{"line":51,"column":4},"end":{"line":51,"column":36}},"11":{"start":{"line":54,"column":0},"end":{"line":54,"column":32}},"12":{"start":{"line":55,"column":0},"end":{"line":55,"column":20}},"13":{"start":{"line":56,"column":0},"end":{"line":56,"column":32}}},"fnMap":{"0":{"name":"(anonymous_0)","decl":{"start":{"line":34,"column":39},"end":{"line":34,"column":40}},"loc":{"start":{"line":34,"column":51},"end":{"line":39,"column":1}},"line":34},"1":{"name":"validateUser","decl":{"start":{"line":45,"column":9},"end":{"line":45,"column":21}},"loc":{"start":{"line":45,"column":28},"end":{"line":53,"column":1}},"line":45}},"branchMap":{},"s":{"0":5,"1":5,"2":5,"3":5,"4":5,"5":5,"6":16,"7":16,"8":5,"9":0,"10":0,"11":5,"12":5,"13":5},"f":{"0":16,"1":0},"b":{},"_coverageSchema":"332fd63041d2c1bcb487cc26dd0d5f7d97098a6c","hash":"2d27d450f0a7a748f511b9028eba9c581aff1703"}
,"C:\\Users\\saman\\Documents\\Node\\vidly-demo\\routes\\auth.js": {"path":"C:\\Users\\saman\\Documents\\Node\\vidly-demo\\routes\\auth.js","statementMap":{"0":{"start":{"line":2,"column":16},"end":{"line":2,"column":34}},"1":{"start":{"line":3,"column":15},"end":{"line":3,"column":32}},"2":{"start":{"line":4,"column":10},"end":{"line":4,"column":27}},"3":{"start":{"line":5,"column":15},"end":{"line":5,"column":31}},"4":{"start":{"line":6,"column":17},"end":{"line":6,"column":36}},"5":{"start":{"line":7,"column":12},"end":{"line":7,"column":26}},"6":{"start":{"line":8,"column":17},"end":{"line":8,"column":42}},"7":{"start":{"line":13,"column":0},"end":{"line":28,"column":3}},"8":{"start":{"line":14,"column":22},"end":{"line":14,"column":40}},"9":{"start":{"line":15,"column":4},"end":{"line":15,"column":69}},"10":{"start":{"line":15,"column":15},"end":{"line":15,"column":69}},"11":{"start":{"line":18,"column":15},"end":{"line":18,"column":60}},"12":{"start":{"line":19,"column":4},"end":{"line":19,"column":72}},"13":{"start":{"line":19,"column":15},"end":{"line":19,"column":72}},"14":{"start":{"line":21,"column":26},"end":{"line":21,"column":80}},"15":{"start":{"line":22,"column":4},"end":{"line":22,"column":83}},"16":{"start":{"line":22,"column":24},"end":{"line":22,"column":83}},"17":{"start":{"line":25,"column":18},"end":{"line":25,"column":42}},"18":{"start":{"line":27,"column":4},"end":{"line":27,"column":20}},"19":{"start":{"line":32,"column":22},"end":{"line":35,"column":6}},"20":{"start":{"line":36,"column":4},"end":{"line":36,"column":35}},"21":{"start":{"line":39,"column":0},"end":{"line":39,"column":24}}},"fnMap":{"0":{"name":"(anonymous_0)","decl":{"start":{"line":13,"column":17},"end":{"line":13,"column":18}},"loc":{"start":{"line":13,"column":37},"end":{"line":28,"column":1}},"line":13},"1":{"name":"validate","decl":{"start":{"line":31,"column":9},"end":{"line":31,"column":17}},"loc":{"start":{"line":31,"column":23},"end":{"line":38,"column":1}},"line":31}},"branchMap":{"0":{"loc":{"start":{"line":15,"column":4},"end":{"line":15,"column":69}},"type":"if","locations":[{"start":{"line":15,"column":4},"end":{"line":15,"column":69}},{"start":{"line":15,"column":4},"end":{"line":15,"column":69}}],"line":15},"1":{"loc":{"start":{"line":19,"column":4},"end":{"line":19,"column":72}},"type":"if","locations":[{"start":{"line":19,"column":4},"end":{"line":19,"column":72}},{"start":{"line":19,"column":4},"end":{"line":19,"column":72}}],"line":19},"2":{"loc":{"start":{"line":22,"column":4},"end":{"line":22,"column":83}},"type":"if","locations":[{"start":{"line":22,"column":4},"end":{"line":22,"column":83}},{"start":{"line":22,"column":4},"end":{"line":22,"column":83}}],"line":22}},"s":{"0":3,"1":3,"2":3,"3":3,"4":3,"5":3,"6":3,"7":3,"8":0,"9":0,"10":0,"11":0,"12":0,"13":0,"14":0,"15":0,"16":0,"17":0,"18":0,"19":0,"20":0,"21":3},"f":{"0":0,"1":0},"b":{"0":[0,0],"1":[0,0],"2":[0,0]},"_coverageSchema":"332fd63041d2c1bcb487cc26dd0d5f7d97098a6c","hash":"a7559838da34b3fa49e8b203bd43970be04d34c7"}
,"C:\\Users\\saman\\Documents\\Node\\vidly-demo\\routes\\customers.js": {"path":"C:\\Users\\saman\\Documents\\Node\\vidly-demo\\routes\\customers.js","statementMap":{"0":{"start":{"line":1,"column":31},"end":{"line":1,"column":60}},"1":{"start":{"line":3,"column":16},"end":{"line":3,"column":34}},"2":{"start":{"line":4,"column":15},"end":{"line":4,"column":31}},"3":{"start":{"line":5,"column":17},"end":{"line":5,"column":36}},"4":{"start":{"line":7,"column":0},"end":{"line":11,"column":3}},"5":{"start":{"line":8,"column":22},"end":{"line":8,"column":56}},"6":{"start":{"line":10,"column":4},"end":{"line":10,"column":24}},"7":{"start":{"line":14,"column":0},"end":{"line":19,"column":3}},"8":{"start":{"line":15,"column":21},"end":{"line":15,"column":59}},"9":{"start":{"line":17,"column":4},"end":{"line":17,"column":91}},"10":{"start":{"line":17,"column":19},"end":{"line":17,"column":91}},"11":{"start":{"line":18,"column":4},"end":{"line":18,"column":23}},"12":{"start":{"line":22,"column":0},"end":{"line":33,"column":3}},"13":{"start":{"line":23,"column":22},"end":{"line":23,"column":40}},"14":{"start":{"line":24,"column":4},"end":{"line":24,"column":69}},"15":{"start":{"line":24,"column":15},"end":{"line":24,"column":69}},"16":{"start":{"line":26,"column":19},"end":{"line":30,"column":6}},"17":{"start":{"line":31,"column":4},"end":{"line":31,"column":37}},"18":{"start":{"line":32,"column":4},"end":{"line":32,"column":23}},"19":{"start":{"line":36,"column":0},"end":{"line":42,"column":3}},"20":{"start":{"line":37,"column":21},"end":{"line":37,"column":68}},"21":{"start":{"line":39,"column":4},"end":{"line":39,"column":91}},"22":{"start":{"line":39,"column":19},"end":{"line":39,"column":91}},"23":{"start":{"line":40,"column":4},"end":{"line":40,"column":23}},"24":{"start":{"line":45,"column":0},"end":{"line":63,"column":3}},"25":{"start":{"line":49,"column":22},"end":{"line":49,"column":40}},"26":{"start":{"line":50,"column":4},"end":{"line":50,"column":69}},"27":{"start":{"line":50,"column":15},"end":{"line":50,"column":69}},"28":{"start":{"line":52,"column":21},"end":{"line":59,"column":10}},"29":{"start":{"line":61,"column":4},"end":{"line":61,"column":72}},"30":{"start":{"line":61,"column":19},"end":{"line":61,"column":72}},"31":{"start":{"line":62,"column":4},"end":{"line":62,"column":23}},"32":{"start":{"line":65,"column":0},"end":{"line":65,"column":24}}},"fnMap":{"0":{"name":"(anonymous_0)","decl":{"start":{"line":7,"column":16},"end":{"line":7,"column":17}},"loc":{"start":{"line":7,"column":36},"end":{"line":11,"column":1}},"line":7},"1":{"name":"(anonymous_1)","decl":{"start":{"line":14,"column":19},"end":{"line":14,"column":20}},"loc":{"start":{"line":14,"column":39},"end":{"line":19,"column":1}},"line":14},"2":{"name":"(anonymous_2)","decl":{"start":{"line":22,"column":17},"end":{"line":22,"column":18}},"loc":{"start":{"line":22,"column":37},"end":{"line":33,"column":1}},"line":22},"3":{"name":"(anonymous_3)","decl":{"start":{"line":36,"column":22},"end":{"line":36,"column":23}},"loc":{"start":{"line":36,"column":42},"end":{"line":42,"column":1}},"line":36},"4":{"name":"(anonymous_4)","decl":{"start":{"line":45,"column":19},"end":{"line":45,"column":20}},"loc":{"start":{"line":45,"column":39},"end":{"line":63,"column":1}},"line":45}},"branchMap":{"0":{"loc":{"start":{"line":17,"column":4},"end":{"line":17,"column":91}},"type":"if","locations":[{"start":{"line":17,"column":4},"end":{"line":17,"column":91}},{"start":{"line":17,"column":4},"end":{"line":17,"column":91}}],"line":17},"1":{"loc":{"start":{"line":24,"column":4},"end":{"line":24,"column":69}},"type":"if","locations":[{"start":{"line":24,"column":4},"end":{"line":24,"column":69}},{"start":{"line":24,"column":4},"end":{"line":24,"column":69}}],"line":24},"2":{"loc":{"start":{"line":39,"column":4},"end":{"line":39,"column":91}},"type":"if","locations":[{"start":{"line":39,"column":4},"end":{"line":39,"column":91}},{"start":{"line":39,"column":4},"end":{"line":39,"column":91}}],"line":39},"3":{"loc":{"start":{"line":50,"column":4},"end":{"line":50,"column":69}},"type":"if","locations":[{"start":{"line":50,"column":4},"end":{"line":50,"column":69}},{"start":{"line":50,"column":4},"end":{"line":50,"column":69}}],"line":50},"4":{"loc":{"start":{"line":61,"column":4},"end":{"line":61,"column":72}},"type":"if","locations":[{"start":{"line":61,"column":4},"end":{"line":61,"column":72}},{"start":{"line":61,"column":4},"end":{"line":61,"column":72}}],"line":61}},"s":{"0":3,"1":3,"2":3,"3":3,"4":3,"5":0,"6":0,"7":3,"8":0,"9":0,"10":0,"11":0,"12":3,"13":0,"14":0,"15":0,"16":0,"17":0,"18":0,"19":3,"20":0,"21":0,"22":0,"23":0,"24":3,"25":0,"26":0,"27":0,"28":0,"29":0,"30":0,"31":0,"32":3},"f":{"0":0,"1":0,"2":0,"3":0,"4":0},"b":{"0":[0,0],"1":[0,0],"2":[0,0],"3":[0,0],"4":[0,0]},"_coverageSchema":"332fd63041d2c1bcb487cc26dd0d5f7d97098a6c","hash":"d16fd23041fcb95b24ff28a98ceb91ad72f687d3"}
,"C:\\Users\\saman\\Documents\\Node\\vidly-demo\\routes\\genres.js": {"path":"C:\\Users\\saman\\Documents\\Node\\vidly-demo\\routes\\genres.js","statementMap":{"0":{"start":{"line":1,"column":16},"end":{"line":1,"column":34}},"1":{"start":{"line":2,"column":13},"end":{"line":2,"column":42}},"2":{"start":{"line":3,"column":15},"end":{"line":3,"column":31}},"3":{"start":{"line":4,"column":17},"end":{"line":4,"column":36}},"4":{"start":{"line":5,"column":28},"end":{"line":5,"column":54}},"5":{"start":{"line":6,"column":14},"end":{"line":6,"column":44}},"6":{"start":{"line":7,"column":25},"end":{"line":7,"column":66}},"7":{"start":{"line":9,"column":0},"end":{"line":13,"column":3}},"8":{"start":{"line":11,"column":19},"end":{"line":11,"column":50}},"9":{"start":{"line":12,"column":4},"end":{"line":12,"column":21}},"10":{"start":{"line":19,"column":0},"end":{"line":28,"column":3}},"11":{"start":{"line":21,"column":22},"end":{"line":21,"column":40}},"12":{"start":{"line":22,"column":4},"end":{"line":22,"column":69}},"13":{"start":{"line":22,"column":15},"end":{"line":22,"column":69}},"14":{"start":{"line":24,"column":16},"end":{"line":24,"column":50}},"15":{"start":{"line":25,"column":4},"end":{"line":25,"column":31}},"16":{"start":{"line":27,"column":4},"end":{"line":27,"column":20}},"17":{"start":{"line":31,"column":0},"end":{"line":37,"column":3}},"18":{"start":{"line":33,"column":18},"end":{"line":33,"column":53}},"19":{"start":{"line":35,"column":4},"end":{"line":35,"column":85}},"20":{"start":{"line":35,"column":16},"end":{"line":35,"column":85}},"21":{"start":{"line":36,"column":4},"end":{"line":36,"column":20}},"22":{"start":{"line":40,"column":0},"end":{"line":54,"column":3}},"23":{"start":{"line":44,"column":22},"end":{"line":44,"column":40}},"24":{"start":{"line":45,"column":4},"end":{"line":45,"column":69}},"25":{"start":{"line":45,"column":15},"end":{"line":45,"column":69}},"26":{"start":{"line":47,"column":18},"end":{"line":49,"column":6}},"27":{"start":{"line":51,"column":4},"end":{"line":51,"column":66}},"28":{"start":{"line":51,"column":16},"end":{"line":51,"column":66}},"29":{"start":{"line":53,"column":4},"end":{"line":53,"column":20}},"30":{"start":{"line":58,"column":0},"end":{"line":66,"column":3}},"31":{"start":{"line":59,"column":18},"end":{"line":59,"column":62}},"32":{"start":{"line":61,"column":4},"end":{"line":61,"column":85}},"33":{"start":{"line":61,"column":16},"end":{"line":61,"column":85}},"34":{"start":{"line":64,"column":4},"end":{"line":64,"column":20}},"35":{"start":{"line":70,"column":0},"end":{"line":70,"column":24}}},"fnMap":{"0":{"name":"(anonymous_0)","decl":{"start":{"line":9,"column":16},"end":{"line":9,"column":17}},"loc":{"start":{"line":9,"column":36},"end":{"line":13,"column":1}},"line":9},"1":{"name":"(anonymous_1)","decl":{"start":{"line":19,"column":23},"end":{"line":19,"column":24}},"loc":{"start":{"line":19,"column":43},"end":{"line":28,"column":1}},"line":19},"2":{"name":"(anonymous_2)","decl":{"start":{"line":31,"column":37},"end":{"line":31,"column":38}},"loc":{"start":{"line":31,"column":57},"end":{"line":37,"column":1}},"line":31},"3":{"name":"(anonymous_3)","decl":{"start":{"line":40,"column":19},"end":{"line":40,"column":20}},"loc":{"start":{"line":40,"column":39},"end":{"line":54,"column":1}},"line":40},"4":{"name":"(anonymous_4)","decl":{"start":{"line":58,"column":37},"end":{"line":58,"column":38}},"loc":{"start":{"line":58,"column":57},"end":{"line":66,"column":1}},"line":58}},"branchMap":{"0":{"loc":{"start":{"line":22,"column":4},"end":{"line":22,"column":69}},"type":"if","locations":[{"start":{"line":22,"column":4},"end":{"line":22,"column":69}},{"start":{"line":22,"column":4},"end":{"line":22,"column":69}}],"line":22},"1":{"loc":{"start":{"line":35,"column":4},"end":{"line":35,"column":85}},"type":"if","locations":[{"start":{"line":35,"column":4},"end":{"line":35,"column":85}},{"start":{"line":35,"column":4},"end":{"line":35,"column":85}}],"line":35},"2":{"loc":{"start":{"line":45,"column":4},"end":{"line":45,"column":69}},"type":"if","locations":[{"start":{"line":45,"column":4},"end":{"line":45,"column":69}},{"start":{"line":45,"column":4},"end":{"line":45,"column":69}}],"line":45},"3":{"loc":{"start":{"line":51,"column":4},"end":{"line":51,"column":66}},"type":"if","locations":[{"start":{"line":51,"column":4},"end":{"line":51,"column":66}},{"start":{"line":51,"column":4},"end":{"line":51,"column":66}}],"line":51},"4":{"loc":{"start":{"line":61,"column":4},"end":{"line":61,"column":85}},"type":"if","locations":[{"start":{"line":61,"column":4},"end":{"line":61,"column":85}},{"start":{"line":61,"column":4},"end":{"line":61,"column":85}}],"line":61}},"s":{"0":3,"1":3,"2":3,"3":3,"4":3,"5":3,"6":3,"7":3,"8":1,"9":1,"10":3,"11":5,"12":5,"13":2,"14":3,"15":3,"16":3,"17":3,"18":1,"19":1,"20":0,"21":1,"22":3,"23":0,"24":0,"25":0,"26":0,"27":0,"28":0,"29":0,"30":3,"31":0,"32":0,"33":0,"34":0,"35":3},"f":{"0":1,"1":5,"2":1,"3":0,"4":0},"b":{"0":[2,3],"1":[0,1],"2":[0,0],"3":[0,0],"4":[0,0]},"_coverageSchema":"332fd63041d2c1bcb487cc26dd0d5f7d97098a6c","hash":"1a09e6f2aabf42737707e84f3beaa1fec75b8692"}
,"C:\\Users\\saman\\Documents\\Node\\vidly-demo\\routes\\movies.js": {"path":"C:\\Users\\saman\\Documents\\Node\\vidly-demo\\routes\\movies.js","statementMap":{"0":{"start":{"line":1,"column":28},"end":{"line":1,"column":54}},"1":{"start":{"line":2,"column":18},"end":{"line":2,"column":44}},"2":{"start":{"line":3,"column":17},"end":{"line":3,"column":36}},"3":{"start":{"line":4,"column":16},"end":{"line":4,"column":34}},"4":{"start":{"line":5,"column":15},"end":{"line":5,"column":31}},"5":{"start":{"line":7,"column":0},"end":{"line":10,"column":3}},"6":{"start":{"line":8,"column":19},"end":{"line":8,"column":50}},"7":{"start":{"line":9,"column":4},"end":{"line":9,"column":21}},"8":{"start":{"line":13,"column":0},"end":{"line":32,"column":3}},"9":{"start":{"line":14,"column":22},"end":{"line":14,"column":40}},"10":{"start":{"line":15,"column":4},"end":{"line":15,"column":69}},"11":{"start":{"line":15,"column":15},"end":{"line":15,"column":69}},"12":{"start":{"line":17,"column":18},"end":{"line":17,"column":56}},"13":{"start":{"line":18,"column":4},"end":{"line":18,"column":62}},"14":{"start":{"line":18,"column":16},"end":{"line":18,"column":62}},"15":{"start":{"line":20,"column":18},"end":{"line":28,"column":6}},"16":{"start":{"line":29,"column":4},"end":{"line":29,"column":23}},"17":{"start":{"line":31,"column":4},"end":{"line":31,"column":20}},"18":{"start":{"line":36,"column":0},"end":{"line":57,"column":3}},"19":{"start":{"line":37,"column":22},"end":{"line":37,"column":40}},"20":{"start":{"line":38,"column":4},"end":{"line":38,"column":69}},"21":{"start":{"line":38,"column":15},"end":{"line":38,"column":69}},"22":{"start":{"line":40,"column":18},"end":{"line":40,"column":56}},"23":{"start":{"line":41,"column":4},"end":{"line":41,"column":62}},"24":{"start":{"line":41,"column":16},"end":{"line":41,"column":62}},"25":{"start":{"line":43,"column":18},"end":{"line":52,"column":25}},"26":{"start":{"line":54,"column":4},"end":{"line":54,"column":90}},"27":{"start":{"line":54,"column":16},"end":{"line":54,"column":90}},"28":{"start":{"line":56,"column":4},"end":{"line":56,"column":20}},"29":{"start":{"line":59,"column":0},"end":{"line":65,"column":3}},"30":{"start":{"line":60,"column":18},"end":{"line":60,"column":62}},"31":{"start":{"line":62,"column":4},"end":{"line":62,"column":90}},"32":{"start":{"line":62,"column":16},"end":{"line":62,"column":90}},"33":{"start":{"line":64,"column":4},"end":{"line":64,"column":20}},"34":{"start":{"line":67,"column":0},"end":{"line":73,"column":3}},"35":{"start":{"line":68,"column":18},"end":{"line":68,"column":53}},"36":{"start":{"line":70,"column":4},"end":{"line":70,"column":90}},"37":{"start":{"line":70,"column":16},"end":{"line":70,"column":90}},"38":{"start":{"line":72,"column":4},"end":{"line":72,"column":20}},"39":{"start":{"line":75,"column":0},"end":{"line":75,"column":24}}},"fnMap":{"0":{"name":"(anonymous_0)","decl":{"start":{"line":7,"column":16},"end":{"line":7,"column":17}},"loc":{"start":{"line":7,"column":36},"end":{"line":10,"column":1}},"line":7},"1":{"name":"(anonymous_1)","decl":{"start":{"line":13,"column":17},"end":{"line":13,"column":18}},"loc":{"start":{"line":13,"column":37},"end":{"line":32,"column":1}},"line":13},"2":{"name":"(anonymous_2)","decl":{"start":{"line":36,"column":19},"end":{"line":36,"column":20}},"loc":{"start":{"line":36,"column":39},"end":{"line":57,"column":1}},"line":36},"3":{"name":"(anonymous_3)","decl":{"start":{"line":59,"column":22},"end":{"line":59,"column":23}},"loc":{"start":{"line":59,"column":42},"end":{"line":65,"column":1}},"line":59},"4":{"name":"(anonymous_4)","decl":{"start":{"line":67,"column":19},"end":{"line":67,"column":20}},"loc":{"start":{"line":67,"column":39},"end":{"line":73,"column":1}},"line":67}},"branchMap":{"0":{"loc":{"start":{"line":15,"column":4},"end":{"line":15,"column":69}},"type":"if","locations":[{"start":{"line":15,"column":4},"end":{"line":15,"column":69}},{"start":{"line":15,"column":4},"end":{"line":15,"column":69}}],"line":15},"1":{"loc":{"start":{"line":18,"column":4},"end":{"line":18,"column":62}},"type":"if","locations":[{"start":{"line":18,"column":4},"end":{"line":18,"column":62}},{"start":{"line":18,"column":4},"end":{"line":18,"column":62}}],"line":18},"2":{"loc":{"start":{"line":38,"column":4},"end":{"line":38,"column":69}},"type":"if","locations":[{"start":{"line":38,"column":4},"end":{"line":38,"column":69}},{"start":{"line":38,"column":4},"end":{"line":38,"column":69}}],"line":38},"3":{"loc":{"start":{"line":41,"column":4},"end":{"line":41,"column":62}},"type":"if","locations":[{"start":{"line":41,"column":4},"end":{"line":41,"column":62}},{"start":{"line":41,"column":4},"end":{"line":41,"column":62}}],"line":41},"4":{"loc":{"start":{"line":54,"column":4},"end":{"line":54,"column":90}},"type":"if","locations":[{"start":{"line":54,"column":4},"end":{"line":54,"column":90}},{"start":{"line":54,"column":4},"end":{"line":54,"column":90}}],"line":54},"5":{"loc":{"start":{"line":62,"column":4},"end":{"line":62,"column":90}},"type":"if","locations":[{"start":{"line":62,"column":4},"end":{"line":62,"column":90}},{"start":{"line":62,"column":4},"end":{"line":62,"column":90}}],"line":62},"6":{"loc":{"start":{"line":70,"column":4},"end":{"line":70,"column":90}},"type":"if","locations":[{"start":{"line":70,"column":4},"end":{"line":70,"column":90}},{"start":{"line":70,"column":4},"end":{"line":70,"column":90}}],"line":70}},"s":{"0":3,"1":3,"2":3,"3":3,"4":3,"5":3,"6":0,"7":0,"8":3,"9":0,"10":0,"11":0,"12":0,"13":0,"14":0,"15":0,"16":0,"17":0,"18":3,"19":0,"20":0,"21":0,"22":0,"23":0,"24":0,"25":0,"26":0,"27":0,"28":0,"29":3,"30":0,"31":0,"32":0,"33":0,"34":3,"35":0,"36":0,"37":0,"38":0,"39":3},"f":{"0":0,"1":0,"2":0,"3":0,"4":0},"b":{"0":[0,0],"1":[0,0],"2":[0,0],"3":[0,0],"4":[0,0],"5":[0,0],"6":[0,0]},"_coverageSchema":"332fd63041d2c1bcb487cc26dd0d5f7d97098a6c","hash":"9fcf0393bed6f8decd24420fe0baf213eb834a7f"}
,"C:\\Users\\saman\\Documents\\Node\\vidly-demo\\routes\\rentals.js": {"path":"C:\\Users\\saman\\Documents\\Node\\vidly-demo\\routes\\rentals.js","statementMap":{"0":{"start":{"line":1,"column":29},"end":{"line":1,"column":56}},"1":{"start":{"line":2,"column":18},"end":{"line":2,"column":44}},"2":{"start":{"line":3,"column":21},"end":{"line":3,"column":50}},"3":{"start":{"line":5,"column":17},"end":{"line":5,"column":36}},"4":{"start":{"line":6,"column":16},"end":{"line":6,"column":34}},"5":{"start":{"line":7,"column":15},"end":{"line":7,"column":31}},"6":{"start":{"line":11,"column":0},"end":{"line":14,"column":3}},"7":{"start":{"line":12,"column":20},"end":{"line":12,"column":56}},"8":{"start":{"line":13,"column":4},"end":{"line":13,"column":22}},"9":{"start":{"line":16,"column":0},"end":{"line":47,"column":3}},"10":{"start":{"line":17,"column":22},"end":{"line":17,"column":40}},"11":{"start":{"line":18,"column":4},"end":{"line":18,"column":69}},"12":{"start":{"line":18,"column":15},"end":{"line":18,"column":69}},"13":{"start":{"line":20,"column":21},"end":{"line":20,"column":65}},"14":{"start":{"line":21,"column":4},"end":{"line":21,"column":68}},"15":{"start":{"line":21,"column":19},"end":{"line":21,"column":68}},"16":{"start":{"line":23,"column":18},"end":{"line":23,"column":56}},"17":{"start":{"line":24,"column":4},"end":{"line":24,"column":62}},"18":{"start":{"line":24,"column":16},"end":{"line":24,"column":62}},"19":{"start":{"line":26,"column":4},"end":{"line":26,"column":86}},"20":{"start":{"line":26,"column":35},"end":{"line":26,"column":86}},"21":{"start":{"line":28,"column":17},"end":{"line":39,"column":6}},"22":{"start":{"line":41,"column":4},"end":{"line":41,"column":33}},"23":{"start":{"line":43,"column":4},"end":{"line":43,"column":26}},"24":{"start":{"line":44,"column":4},"end":{"line":44,"column":17}},"25":{"start":{"line":46,"column":4},"end":{"line":46,"column":21}},"26":{"start":{"line":49,"column":0},"end":{"line":55,"column":3}},"27":{"start":{"line":50,"column":19},"end":{"line":50,"column":55}},"28":{"start":{"line":52,"column":4},"end":{"line":52,"column":92}},"29":{"start":{"line":52,"column":17},"end":{"line":52,"column":92}},"30":{"start":{"line":54,"column":4},"end":{"line":54,"column":21}},"31":{"start":{"line":57,"column":0},"end":{"line":57,"column":24}}},"fnMap":{"0":{"name":"(anonymous_0)","decl":{"start":{"line":11,"column":16},"end":{"line":11,"column":17}},"loc":{"start":{"line":11,"column":36},"end":{"line":14,"column":1}},"line":11},"1":{"name":"(anonymous_1)","decl":{"start":{"line":16,"column":17},"end":{"line":16,"column":18}},"loc":{"start":{"line":16,"column":37},"end":{"line":47,"column":1}},"line":16},"2":{"name":"(anonymous_2)","decl":{"start":{"line":49,"column":19},"end":{"line":49,"column":20}},"loc":{"start":{"line":49,"column":39},"end":{"line":55,"column":1}},"line":49}},"branchMap":{"0":{"loc":{"start":{"line":18,"column":4},"end":{"line":18,"column":69}},"type":"if","locations":[{"start":{"line":18,"column":4},"end":{"line":18,"column":69}},{"start":{"line":18,"column":4},"end":{"line":18,"column":69}}],"line":18},"1":{"loc":{"start":{"line":21,"column":4},"end":{"line":21,"column":68}},"type":"if","locations":[{"start":{"line":21,"column":4},"end":{"line":21,"column":68}},{"start":{"line":21,"column":4},"end":{"line":21,"column":68}}],"line":21},"2":{"loc":{"start":{"line":24,"column":4},"end":{"line":24,"column":62}},"type":"if","locations":[{"start":{"line":24,"column":4},"end":{"line":24,"column":62}},{"start":{"line":24,"column":4},"end":{"line":24,"column":62}}],"line":24},"3":{"loc":{"start":{"line":26,"column":4},"end":{"line":26,"column":86}},"type":"if","locations":[{"start":{"line":26,"column":4},"end":{"line":26,"column":86}},{"start":{"line":26,"column":4},"end":{"line":26,"column":86}}],"line":26},"4":{"loc":{"start":{"line":52,"column":4},"end":{"line":52,"column":92}},"type":"if","locations":[{"start":{"line":52,"column":4},"end":{"line":52,"column":92}},{"start":{"line":52,"column":4},"end":{"line":52,"column":92}}],"line":52}},"s":{"0":3,"1":3,"2":3,"3":3,"4":3,"5":3,"6":3,"7":0,"8":0,"9":3,"10":0,"11":0,"12":0,"13":0,"14":0,"15":0,"16":0,"17":0,"18":0,"19":0,"20":0,"21":0,"22":0,"23":0,"24":0,"25":0,"26":3,"27":0,"28":0,"29":0,"30":0,"31":3},"f":{"0":0,"1":0,"2":0},"b":{"0":[0,0],"1":[0,0],"2":[0,0],"3":[0,0],"4":[0,0]},"_coverageSchema":"332fd63041d2c1bcb487cc26dd0d5f7d97098a6c","hash":"02c3c00903316b7ae1ea0eaddaf63ea5438ba701"}
,"C:\\Users\\saman\\Documents\\Node\\vidly-demo\\routes\\returns.js": {"path":"C:\\Users\\saman\\Documents\\Node\\vidly-demo\\routes\\returns.js","statementMap":{"0":{"start":{"line":1,"column":16},"end":{"line":1,"column":34}},"1":{"start":{"line":2,"column":13},"end":{"line":2,"column":42}},"2":{"start":{"line":3,"column":15},"end":{"line":3,"column":31}},"3":{"start":{"line":4,"column":19},"end":{"line":4,"column":46}},"4":{"start":{"line":7,"column":0},"end":{"line":27,"column":3}},"5":{"start":{"line":9,"column":4},"end":{"line":9,"column":86}},"6":{"start":{"line":9,"column":30},"end":{"line":9,"column":86}},"7":{"start":{"line":10,"column":4},"end":{"line":10,"column":83}},"8":{"start":{"line":10,"column":27},"end":{"line":10,"column":83}},"9":{"start":{"line":12,"column":19},"end":{"line":15,"column":6}},"10":{"start":{"line":16,"column":4},"end":{"line":16,"column":70}},"11":{"start":{"line":16,"column":17},"end":{"line":16,"column":70}},"12":{"start":{"line":18,"column":4},"end":{"line":18,"column":88}},"13":{"start":{"line":18,"column":29},"end":{"line":18,"column":88}},"14":{"start":{"line":23,"column":4},"end":{"line":23,"column":34}},"15":{"start":{"line":29,"column":0},"end":{"line":29,"column":24}}},"fnMap":{"0":{"name":"(anonymous_0)","decl":{"start":{"line":7,"column":23},"end":{"line":7,"column":24}},"loc":{"start":{"line":7,"column":43},"end":{"line":27,"column":1}},"line":7}},"branchMap":{"0":{"loc":{"start":{"line":9,"column":4},"end":{"line":9,"column":86}},"type":"if","locations":[{"start":{"line":9,"column":4},"end":{"line":9,"column":86}},{"start":{"line":9,"column":4},"end":{"line":9,"column":86}}],"line":9},"1":{"loc":{"start":{"line":10,"column":4},"end":{"line":10,"column":83}},"type":"if","locations":[{"start":{"line":10,"column":4},"end":{"line":10,"column":83}},{"start":{"line":10,"column":4},"end":{"line":10,"column":83}}],"line":10},"2":{"loc":{"start":{"line":16,"column":4},"end":{"line":16,"column":70}},"type":"if","locations":[{"start":{"line":16,"column":4},"end":{"line":16,"column":70}},{"start":{"line":16,"column":4},"end":{"line":16,"column":70}}],"line":16},"3":{"loc":{"start":{"line":18,"column":4},"end":{"line":18,"column":88}},"type":"if","locations":[{"start":{"line":18,"column":4},"end":{"line":18,"column":88}},{"start":{"line":18,"column":4},"end":{"line":18,"column":88}}],"line":18}},"s":{"0":3,"1":3,"2":3,"3":3,"4":3,"5":5,"6":1,"7":4,"8":1,"9":3,"10":3,"11":1,"12":2,"13":1,"14":1,"15":3},"f":{"0":5},"b":{"0":[1,4],"1":[1,3],"2":[1,2],"3":[1,1]},"_coverageSchema":"332fd63041d2c1bcb487cc26dd0d5f7d97098a6c","hash":"f29c1e98f368e04d141094fb99730df4b469d85c"}
,"C:\\Users\\saman\\Documents\\Node\\vidly-demo\\routes\\users.js": {"path":"C:\\Users\\saman\\Documents\\Node\\vidly-demo\\routes\\users.js","statementMap":{"0":{"start":{"line":1,"column":12},"end":{"line":1,"column":35}},"1":{"start":{"line":2,"column":13},"end":{"line":2,"column":42}},"2":{"start":{"line":3,"column":15},"end":{"line":3,"column":32}},"3":{"start":{"line":4,"column":16},"end":{"line":4,"column":34}},"4":{"start":{"line":5,"column":15},"end":{"line":5,"column":32}},"5":{"start":{"line":6,"column":10},"end":{"line":6,"column":27}},"6":{"start":{"line":7,"column":15},"end":{"line":7,"column":31}},"7":{"start":{"line":8,"column":17},"end":{"line":8,"column":36}},"8":{"start":{"line":9,"column":27},"end":{"line":9,"column":52}},"9":{"start":{"line":14,"column":0},"end":{"line":18,"column":3}},"10":{"start":{"line":16,"column":17},"end":{"line":16,"column":70}},"11":{"start":{"line":17,"column":4},"end":{"line":17,"column":19}},"12":{"start":{"line":22,"column":0},"end":{"line":46,"column":3}},"13":{"start":{"line":23,"column":22},"end":{"line":23,"column":40}},"14":{"start":{"line":24,"column":4},"end":{"line":24,"column":69}},"15":{"start":{"line":24,"column":15},"end":{"line":24,"column":69}},"16":{"start":{"line":27,"column":15},"end":{"line":27,"column":60}},"17":{"start":{"line":28,"column":4},"end":{"line":28,"column":70}},"18":{"start":{"line":28,"column":14},"end":{"line":28,"column":70}},"19":{"start":{"line":33,"column":4},"end":{"line":33,"column":69}},"20":{"start":{"line":34,"column":17},"end":{"line":34,"column":41}},"21":{"start":{"line":35,"column":4},"end":{"line":35,"column":59}},"22":{"start":{"line":37,"column":4},"end":{"line":37,"column":22}},"23":{"start":{"line":40,"column":18},"end":{"line":40,"column":42}},"24":{"start":{"line":45,"column":4},"end":{"line":45,"column":83}},"25":{"start":{"line":48,"column":0},"end":{"line":48,"column":24}}},"fnMap":{"0":{"name":"(anonymous_0)","decl":{"start":{"line":14,"column":24},"end":{"line":14,"column":25}},"loc":{"start":{"line":14,"column":44},"end":{"line":18,"column":1}},"line":14},"1":{"name":"(anonymous_1)","decl":{"start":{"line":22,"column":17},"end":{"line":22,"column":18}},"loc":{"start":{"line":22,"column":37},"end":{"line":46,"column":1}},"line":22}},"branchMap":{"0":{"loc":{"start":{"line":24,"column":4},"end":{"line":24,"column":69}},"type":"if","locations":[{"start":{"line":24,"column":4},"end":{"line":24,"column":69}},{"start":{"line":24,"column":4},"end":{"line":24,"column":69}}],"line":24},"1":{"loc":{"start":{"line":28,"column":4},"end":{"line":28,"column":70}},"type":"if","locations":[{"start":{"line":28,"column":4},"end":{"line":28,"column":70}},{"start":{"line":28,"column":4},"end":{"line":28,"column":70}}],"line":28}},"s":{"0":3,"1":3,"2":3,"3":3,"4":3,"5":3,"6":3,"7":3,"8":3,"9":3,"10":0,"11":0,"12":3,"13":0,"14":0,"15":0,"16":0,"17":0,"18":0,"19":0,"20":0,"21":0,"22":0,"23":0,"24":0,"25":3},"f":{"0":0,"1":0},"b":{"0":[0,0],"1":[0,0]},"_coverageSchema":"332fd63041d2c1bcb487cc26dd0d5f7d97098a6c","hash":"9144c4cc1e2f3d4631967f8fd9eaf1bef88ec981"}
,"C:\\Users\\saman\\Documents\\Node\\vidly-demo\\startup\\config.js": {"path":"C:\\Users\\saman\\Documents\\Node\\vidly-demo\\startup\\config.js","statementMap":{"0":{"start":{"line":1,"column":15},"end":{"line":1,"column":32}},"1":{"start":{"line":2,"column":0},"end":{"line":6,"column":1}},"2":{"start":{"line":3,"column":4},"end":{"line":5,"column":5}},"3":{"start":{"line":4,"column":8},"end":{"line":4,"column":70}}},"fnMap":{"0":{"name":"(anonymous_0)","decl":{"start":{"line":2,"column":17},"end":{"line":2,"column":18}},"loc":{"start":{"line":2,"column":29},"end":{"line":6,"column":1}},"line":2}},"branchMap":{"0":{"loc":{"start":{"line":3,"column":4},"end":{"line":5,"column":5}},"type":"if","locations":[{"start":{"line":3,"column":4},"end":{"line":5,"column":5}},{"start":{"line":3,"column":4},"end":{"line":5,"column":5}}],"line":3}},"s":{"0":3,"1":3,"2":3,"3":0},"f":{"0":3},"b":{"0":[0,3]},"_coverageSchema":"332fd63041d2c1bcb487cc26dd0d5f7d97098a6c","hash":"64a3b4486155d0a2fb897e914d214f6e29e58a84"}
,"C:\\Users\\saman\\Documents\\Node\\vidly-demo\\startup\\db.js": {"path":"C:\\Users\\saman\\Documents\\Node\\vidly-demo\\startup\\db.js","statementMap":{"0":{"start":{"line":1,"column":16},"end":{"line":1,"column":34}},"1":{"start":{"line":2,"column":17},"end":{"line":2,"column":36}},"2":{"start":{"line":3,"column":15},"end":{"line":3,"column":32}},"3":{"start":{"line":5,"column":0},"end":{"line":9,"column":1}},"4":{"start":{"line":6,"column":15},"end":{"line":6,"column":31}},"5":{"start":{"line":7,"column":4},"end":{"line":8,"column":58}},"6":{"start":{"line":8,"column":20},"end":{"line":8,"column":56}}},"fnMap":{"0":{"name":"(anonymous_0)","decl":{"start":{"line":5,"column":17},"end":{"line":5,"column":18}},"loc":{"start":{"line":5,"column":29},"end":{"line":9,"column":1}},"line":5},"1":{"name":"(anonymous_1)","decl":{"start":{"line":8,"column":14},"end":{"line":8,"column":15}},"loc":{"start":{"line":8,"column":20},"end":{"line":8,"column":56}},"line":8}},"branchMap":{},"s":{"0":3,"1":3,"2":3,"3":3,"4":3,"5":3,"6":3},"f":{"0":3,"1":3},"b":{},"_coverageSchema":"332fd63041d2c1bcb487cc26dd0d5f7d97098a6c","hash":"47b59dbd7b2da86a821d7848dec438976142f4ef"}
,"C:\\Users\\saman\\Documents\\Node\\vidly-demo\\startup\\logging.js": {"path":"C:\\Users\\saman\\Documents\\Node\\vidly-demo\\startup\\logging.js","statementMap":{"0":{"start":{"line":1,"column":0},"end":{"line":1,"column":32}},"1":{"start":{"line":2,"column":16},"end":{"line":2,"column":34}},"2":{"start":{"line":5,"column":0},"end":{"line":18,"column":1}},"3":{"start":{"line":7,"column":4},"end":{"line":9,"column":77}},"4":{"start":{"line":11,"column":4},"end":{"line":13,"column":7}},"5":{"start":{"line":12,"column":8},"end":{"line":12,"column":17}},"6":{"start":{"line":15,"column":4},"end":{"line":15,"column":70}}},"fnMap":{"0":{"name":"(anonymous_0)","decl":{"start":{"line":5,"column":17},"end":{"line":5,"column":18}},"loc":{"start":{"line":5,"column":29},"end":{"line":18,"column":1}},"line":5},"1":{"name":"(anonymous_1)","decl":{"start":{"line":11,"column":37},"end":{"line":11,"column":38}},"loc":{"start":{"line":11,"column":45},"end":{"line":13,"column":5}},"line":11}},"branchMap":{},"s":{"0":3,"1":3,"2":3,"3":3,"4":3,"5":0,"6":3},"f":{"0":3,"1":0},"b":{},"_coverageSchema":"332fd63041d2c1bcb487cc26dd0d5f7d97098a6c","hash":"26bc86a8d33b7946b0e8a49ba8de064aaa5c46bb"}
,"C:\\Users\\saman\\Documents\\Node\\vidly-demo\\startup\\routes.js": {"path":"C:\\Users\\saman\\Documents\\Node\\vidly-demo\\startup\\routes.js","statementMap":{"0":{"start":{"line":1,"column":16},"end":{"line":1,"column":34}},"1":{"start":{"line":2,"column":15},"end":{"line":2,"column":42}},"2":{"start":{"line":3,"column":18},"end":{"line":3,"column":48}},"3":{"start":{"line":4,"column":15},"end":{"line":4,"column":42}},"4":{"start":{"line":5,"column":16},"end":{"line":5,"column":44}},"5":{"start":{"line":6,"column":14},"end":{"line":6,"column":40}},"6":{"start":{"line":7,"column":13},"end":{"line":7,"column":38}},"7":{"start":{"line":8,"column":14},"end":{"line":8,"column":44}},"8":{"start":{"line":9,"column":16},"end":{"line":9,"column":44}},"9":{"start":{"line":11,"column":0},"end":{"line":22,"column":1}},"10":{"start":{"line":12,"column":4},"end":{"line":12,"column":28}},"11":{"start":{"line":13,"column":4},"end":{"line":13,"column":35}},"12":{"start":{"line":14,"column":4},"end":{"line":14,"column":41}},"13":{"start":{"line":15,"column":4},"end":{"line":15,"column":35}},"14":{"start":{"line":16,"column":4},"end":{"line":16,"column":37}},"15":{"start":{"line":17,"column":4},"end":{"line":17,"column":33}},"16":{"start":{"line":18,"column":4},"end":{"line":18,"column":31}},"17":{"start":{"line":19,"column":4},"end":{"line":19,"column":37}},"18":{"start":{"line":21,"column":4},"end":{"line":21,"column":19}}},"fnMap":{"0":{"name":"(anonymous_0)","decl":{"start":{"line":11,"column":17},"end":{"line":11,"column":18}},"loc":{"start":{"line":11,"column":32},"end":{"line":22,"column":1}},"line":11}},"branchMap":{},"s":{"0":3,"1":3,"2":3,"3":3,"4":3,"5":3,"6":3,"7":3,"8":3,"9":3,"10":3,"11":3,"12":3,"13":3,"14":3,"15":3,"16":3,"17":3,"18":3},"f":{"0":3},"b":{},"_coverageSchema":"332fd63041d2c1bcb487cc26dd0d5f7d97098a6c","hash":"597edec881c74a85bf2b9fe139eba8e60be0a09a"}
,"C:\\Users\\saman\\Documents\\Node\\vidly-demo\\startup\\validation.js": {"path":"C:\\Users\\saman\\Documents\\Node\\vidly-demo\\startup\\validation.js","statementMap":{"0":{"start":{"line":1,"column":12},"end":{"line":1,"column":26}},"1":{"start":{"line":3,"column":0},"end":{"line":5,"column":1}},"2":{"start":{"line":4,"column":4},"end":{"line":4,"column":48}}},"fnMap":{"0":{"name":"(anonymous_0)","decl":{"start":{"line":3,"column":17},"end":{"line":3,"column":18}},"loc":{"start":{"line":3,"column":29},"end":{"line":5,"column":1}},"line":3}},"branchMap":{},"s":{"0":3,"1":3,"2":3},"f":{"0":3},"b":{},"_coverageSchema":"332fd63041d2c1bcb487cc26dd0d5f7d97098a6c","hash":"a3ce798c210a15e88146001c40bb0eb2f1422800"}
}
