TN:
SF:C:\Users\saman\Documents\Node\vidly-demo\index.js
FN:12,(anonymous_0)
FNF:1
FNH:1
FNDA:3,(anonymous_0)
DA:1,3
DA:2,3
DA:3,3
DA:5,3
DA:6,3
DA:7,3
DA:8,3
DA:9,3
DA:11,3
DA:12,3
DA:13,3
LF:11
LH:11
BRDA:11,0,0,3
BRDA:11,0,1,0
BRF:2
BRH:1
end_of_record
TN:
SF:C:\Users\saman\Documents\Node\vidly-demo\middleware\admin.js
FN:2,(anonymous_0)
FNF:1
FNH:0
FNDA:0,(anonymous_0)
DA:2,3
DA:9,0
DA:12,0
LF:3
LH:1
BRDA:9,0,0,0
BRDA:9,0,1,0
BRF:2
BRH:0
end_of_record
TN:
SF:C:\Users\saman\Documents\Node\vidly-demo\middleware\auth.js
FN:4,auth
FNF:1
FNH:1
FNDA:15,auth
DA:1,4
DA:2,4
DA:6,15
DA:7,15
DA:9,12
DA:11,12
DA:12,11
DA:13,11
DA:15,1
DA:19,4
LF:10
LH:10
BRDA:7,0,0,3
BRDA:7,0,1,12
BRF:2
BRH:2
end_of_record
TN:
SF:C:\Users\saman\Documents\Node\vidly-demo\middleware\error.js
FN:2,(anonymous_0)
FNF:1
FNH:0
FNDA:0,(anonymous_0)
DA:1,3
DA:2,3
DA:3,0
DA:10,0
LF:4
LH:2
BRF:0
BRH:0
end_of_record
TN:
SF:C:\Users\saman\Documents\Node\vidly-demo\middleware\validateObjectId.js
FN:2,(anonymous_0)
FNF:1
FNH:1
FNDA:2,(anonymous_0)
DA:1,3
DA:2,3
DA:3,2
DA:4,1
DA:6,1
LF:5
LH:5
BRDA:3,0,0,1
BRDA:3,0,1,1
BRF:2
BRH:2
end_of_record
TN:
SF:C:\Users\saman\Documents\Node\vidly-demo\models\customer.js
FN:24,validateCustomer
FNF:1
FNH:0
FNDA:0,validateCustomer
DA:1,3
DA:2,3
DA:4,3
DA:25,0
DA:30,0
DA:34,3
DA:35,3
LF:7
LH:5
BRF:0
BRH:0
end_of_record
TN:
SF:C:\Users\saman\Documents\Node\vidly-demo\models\genre.js
FN:18,validateGenre
FNF:1
FNH:1
FNDA:5,validateGenre
DA:1,3
DA:2,3
DA:5,3
DA:14,3
DA:19,5
DA:22,5
DA:25,3
DA:26,3
DA:27,3
LF:9
LH:9
BRF:0
BRH:0
end_of_record
TN:
SF:C:\Users\saman\Documents\Node\vidly-demo\models\movie.js
FN:31,validateMovie
FNF:1
FNH:0
FNDA:0,validateMovie
DA:1,3
DA:2,3
DA:3,3
DA:5,3
DA:33,0
DA:40,0
DA:44,3
DA:45,3
LF:8
LH:6
BRF:0
BRH:0
end_of_record
TN:
SF:C:\Users\saman\Documents\Node\vidly-demo\models\rental.js
FN:59,validateRental
FNF:1
FNH:0
FNDA:0,validateRental
DA:1,3
DA:2,3
DA:5,3
DA:60,0
DA:66,0
DA:69,3
DA:70,3
LF:7
LH:5
BRF:0
BRH:0
end_of_record
TN:
SF:C:\Users\saman\Documents\Node\vidly-demo\models\user.js
FN:34,(anonymous_0)
FN:45,validateUser
FNF:2
FNH:1
FNDA:16,(anonymous_0)
FNDA:0,validateUser
DA:1,5
DA:2,5
DA:3,5
DA:4,5
DA:7,5
DA:34,5
DA:35,16
DA:38,16
DA:41,5
DA:46,0
DA:51,0
DA:54,5
DA:55,5
DA:56,5
LF:14
LH:12
BRF:0
BRH:0
end_of_record
TN:
SF:C:\Users\saman\Documents\Node\vidly-demo\routes\auth.js
FN:13,(anonymous_0)
FN:31,validate
FNF:2
FNH:0
FNDA:0,(anonymous_0)
FNDA:0,validate
DA:2,3
DA:3,3
DA:4,3
DA:5,3
DA:6,3
DA:7,3
DA:8,3
DA:13,3
DA:14,0
DA:15,0
DA:18,0
DA:19,0
DA:21,0
DA:22,0
DA:25,0
DA:27,0
DA:32,0
DA:36,0
DA:39,3
LF:19
LH:9
BRDA:15,0,0,0
BRDA:15,0,1,0
BRDA:19,1,0,0
BRDA:19,1,1,0
BRDA:22,2,0,0
BRDA:22,2,1,0
BRF:6
BRH:0
end_of_record
TN:
SF:C:\Users\saman\Documents\Node\vidly-demo\routes\customers.js
FN:7,(anonymous_0)
FN:14,(anonymous_1)
FN:22,(anonymous_2)
FN:36,(anonymous_3)
FN:45,(anonymous_4)
FNF:5
FNH:0
FNDA:0,(anonymous_0)
FNDA:0,(anonymous_1)
FNDA:0,(anonymous_2)
FNDA:0,(anonymous_3)
FNDA:0,(anonymous_4)
DA:1,3
DA:3,3
DA:4,3
DA:5,3
DA:7,3
DA:8,0
DA:10,0
DA:14,3
DA:15,0
DA:17,0
DA:18,0
DA:22,3
DA:23,0
DA:24,0
DA:26,0
DA:31,0
DA:32,0
DA:36,3
DA:37,0
DA:39,0
DA:40,0
DA:45,3
DA:49,0
DA:50,0
DA:52,0
DA:61,0
DA:62,0
DA:65,3
LF:28
LH:10
BRDA:17,0,0,0
BRDA:17,0,1,0
BRDA:24,1,0,0
BRDA:24,1,1,0
BRDA:39,2,0,0
BRDA:39,2,1,0
BRDA:50,3,0,0
BRDA:50,3,1,0
BRDA:61,4,0,0
BRDA:61,4,1,0
BRF:10
BRH:0
end_of_record
TN:
SF:C:\Users\saman\Documents\Node\vidly-demo\routes\genres.js
FN:9,(anonymous_0)
FN:19,(anonymous_1)
FN:31,(anonymous_2)
FN:40,(anonymous_3)
FN:58,(anonymous_4)
FNF:5
FNH:3
FNDA:1,(anonymous_0)
FNDA:5,(anonymous_1)
FNDA:1,(anonymous_2)
FNDA:0,(anonymous_3)
FNDA:0,(anonymous_4)
DA:1,3
DA:2,3
DA:3,3
DA:4,3
DA:5,3
DA:6,3
DA:7,3
DA:9,3
DA:11,1
DA:12,1
DA:19,3
DA:21,5
DA:22,5
DA:24,3
DA:25,3
DA:27,3
DA:31,3
DA:33,1
DA:35,1
DA:36,1
DA:40,3
DA:44,0
DA:45,0
DA:47,0
DA:51,0
DA:53,0
DA:58,3
DA:59,0
DA:61,0
DA:64,0
DA:70,3
LF:31
LH:23
BRDA:22,0,0,2
BRDA:22,0,1,3
BRDA:35,1,0,0
BRDA:35,1,1,1
BRDA:45,2,0,0
BRDA:45,2,1,0
BRDA:51,3,0,0
BRDA:51,3,1,0
BRDA:61,4,0,0
BRDA:61,4,1,0
BRF:10
BRH:3
end_of_record
TN:
SF:C:\Users\saman\Documents\Node\vidly-demo\routes\movies.js
FN:7,(anonymous_0)
FN:13,(anonymous_1)
FN:36,(anonymous_2)
FN:59,(anonymous_3)
FN:67,(anonymous_4)
FNF:5
FNH:0
FNDA:0,(anonymous_0)
FNDA:0,(anonymous_1)
FNDA:0,(anonymous_2)
FNDA:0,(anonymous_3)
FNDA:0,(anonymous_4)
DA:1,3
DA:2,3
DA:3,3
DA:4,3
DA:5,3
DA:7,3
DA:8,0
DA:9,0
DA:13,3
DA:14,0
DA:15,0
DA:17,0
DA:18,0
DA:20,0
DA:29,0
DA:31,0
DA:36,3
DA:37,0
DA:38,0
DA:40,0
DA:41,0
DA:43,0
DA:54,0
DA:56,0
DA:59,3
DA:60,0
DA:62,0
DA:64,0
DA:67,3
DA:68,0
DA:70,0
DA:72,0
DA:75,3
LF:33
LH:11
BRDA:15,0,0,0
BRDA:15,0,1,0
BRDA:18,1,0,0
BRDA:18,1,1,0
BRDA:38,2,0,0
BRDA:38,2,1,0
BRDA:41,3,0,0
BRDA:41,3,1,0
BRDA:54,4,0,0
BRDA:54,4,1,0
BRDA:62,5,0,0
BRDA:62,5,1,0
BRDA:70,6,0,0
BRDA:70,6,1,0
BRF:14
BRH:0
end_of_record
TN:
SF:C:\Users\saman\Documents\Node\vidly-demo\routes\rentals.js
FN:11,(anonymous_0)
FN:16,(anonymous_1)
FN:49,(anonymous_2)
FNF:3
FNH:0
FNDA:0,(anonymous_0)
FNDA:0,(anonymous_1)
FNDA:0,(anonymous_2)
DA:1,3
DA:2,3
DA:3,3
DA:5,3
DA:6,3
DA:7,3
DA:11,3
DA:12,0
DA:13,0
DA:16,3
DA:17,0
DA:18,0
DA:20,0
DA:21,0
DA:23,0
DA:24,0
DA:26,0
DA:28,0
DA:41,0
DA:43,0
DA:44,0
DA:46,0
DA:49,3
DA:50,0
DA:52,0
DA:54,0
DA:57,3
LF:27
LH:10
BRDA:18,0,0,0
BRDA:18,0,1,0
BRDA:21,1,0,0
BRDA:21,1,1,0
BRDA:24,2,0,0
BRDA:24,2,1,0
BRDA:26,3,0,0
BRDA:26,3,1,0
BRDA:52,4,0,0
BRDA:52,4,1,0
BRF:10
BRH:0
end_of_record
TN:
SF:C:\Users\saman\Documents\Node\vidly-demo\routes\returns.js
FN:7,(anonymous_0)
FNF:1
FNH:1
FNDA:5,(anonymous_0)
DA:1,3
DA:2,3
DA:3,3
DA:4,3
DA:7,3
DA:9,5
DA:10,4
DA:12,3
DA:16,3
DA:18,2
DA:23,1
DA:29,3
LF:12
LH:12
BRDA:9,0,0,1
BRDA:9,0,1,4
BRDA:10,1,0,1
BRDA:10,1,1,3
BRDA:16,2,0,1
BRDA:16,2,1,2
BRDA:18,3,0,1
BRDA:18,3,1,1
BRF:8
BRH:8
end_of_record
TN:
SF:C:\Users\saman\Documents\Node\vidly-demo\routes\users.js
FN:14,(anonymous_0)
FN:22,(anonymous_1)
FNF:2
FNH:0
FNDA:0,(anonymous_0)
FNDA:0,(anonymous_1)
DA:1,3
DA:2,3
DA:3,3
DA:4,3
DA:5,3
DA:6,3
DA:7,3
DA:8,3
DA:9,3
DA:14,3
DA:16,0
DA:17,0
DA:22,3
DA:23,0
DA:24,0
DA:27,0
DA:28,0
DA:33,0
DA:34,0
DA:35,0
DA:37,0
DA:40,0
DA:45,0
DA:48,3
LF:24
LH:12
BRDA:24,0,0,0
BRDA:24,0,1,0
BRDA:28,1,0,0
BRDA:28,1,1,0
BRF:4
BRH:0
end_of_record
TN:
SF:C:\Users\saman\Documents\Node\vidly-demo\startup\config.js
FN:2,(anonymous_0)
FNF:1
FNH:1
FNDA:3,(anonymous_0)
DA:1,3
DA:2,3
DA:3,3
DA:4,0
LF:4
LH:3
BRDA:3,0,0,0
BRDA:3,0,1,3
BRF:2
BRH:1
end_of_record
TN:
SF:C:\Users\saman\Documents\Node\vidly-demo\startup\db.js
FN:5,(anonymous_0)
FN:8,(anonymous_1)
FNF:2
FNH:2
FNDA:3,(anonymous_0)
FNDA:3,(anonymous_1)
DA:1,3
DA:2,3
DA:3,3
DA:5,3
DA:6,3
DA:7,3
DA:8,3
LF:7
LH:7
BRF:0
BRH:0
end_of_record
TN:
SF:C:\Users\saman\Documents\Node\vidly-demo\startup\logging.js
FN:5,(anonymous_0)
FN:11,(anonymous_1)
FNF:2
FNH:1
FNDA:3,(anonymous_0)
FNDA:0,(anonymous_1)
DA:1,3
DA:2,3
DA:5,3
DA:7,3
DA:11,3
DA:12,0
DA:15,3
LF:7
LH:6
BRF:0
BRH:0
end_of_record
TN:
SF:C:\Users\saman\Documents\Node\vidly-demo\startup\routes.js
FN:11,(anonymous_0)
FNF:1
FNH:1
FNDA:3,(anonymous_0)
DA:1,3
DA:2,3
DA:3,3
DA:4,3
DA:5,3
DA:6,3
DA:7,3
DA:8,3
DA:9,3
DA:11,3
DA:12,3
DA:13,3
DA:14,3
DA:15,3
DA:16,3
DA:17,3
DA:18,3
DA:19,3
DA:21,3
LF:19
LH:19
BRF:0
BRH:0
end_of_record
TN:
SF:C:\Users\saman\Documents\Node\vidly-demo\startup\validation.js
FN:3,(anonymous_0)
FNF:1
FNH:1
FNDA:3,(anonymous_0)
DA:1,3
DA:3,3
DA:4,3
LF:3
LH:3
BRF:0
BRH:0
end_of_record
